e:\gametech_2017\build\nclgl\release\nclgl.pdb
e:\gametech_2017\build\nclgl\release\window.obj
e:\gametech_2017\build\nclgl\release\shader.obj
e:\gametech_2017\build\nclgl\release\scenenode.obj
e:\gametech_2017\build\nclgl\release\quaternion.obj
e:\gametech_2017\build\nclgl\release\plane.obj
e:\gametech_2017\build\nclgl\release\oglrenderer.obj
e:\gametech_2017\build\nclgl\release\objmesh.obj
e:\gametech_2017\build\nclgl\release\mouse.obj
e:\gametech_2017\build\nclgl\release\mesh.obj
e:\gametech_2017\build\nclgl\release\md5node.obj
e:\gametech_2017\build\nclgl\release\md5mesh.obj
e:\gametech_2017\build\nclgl\release\md5filedata.obj
e:\gametech_2017\build\nclgl\release\md5anim.obj
e:\gametech_2017\build\nclgl\release\matrix4.obj
e:\gametech_2017\build\nclgl\release\matrix3.obj
e:\gametech_2017\build\nclgl\release\keyboard.obj
e:\gametech_2017\build\nclgl\release\gametimer.obj
e:\gametech_2017\build\nclgl\release\frustum.obj
e:\gametech_2017\build\nclgl\release\cuberobot.obj
e:\gametech_2017\build\nclgl\release\camera.obj
e:\gametech_2017\build\release\nclgl.lib
e:\gametech_2017\build\nclgl\release\nclgl.tlog\cl.command.1.tlog
e:\gametech_2017\build\nclgl\release\nclgl.tlog\cl.read.1.tlog
e:\gametech_2017\build\nclgl\release\nclgl.tlog\cl.write.1.tlog
e:\gametech_2017\build\nclgl\release\nclgl.tlog\lib-link.read.1.tlog
e:\gametech_2017\build\nclgl\release\nclgl.tlog\lib-link.write.1.tlog
e:\gametech_2017\build\nclgl\release\nclgl.tlog\lib.command.1.tlog
