Build started 14/12/2016 22:21:29.
     1>Project "E:\physic_study\Build\ncltech\ncltech.vcxproj" on node 2 (Build target(s)).
     1>ClCompile:
         C:\Program Files (x86)\Microsoft Visual Studio 14.0\VC\bin\CL.exe /c /Zi /nologo /W3 /WX /sdl /O2 /Oi /Oy- /GL /D _MBCS /Gm- /EHsc /MD /GS /Gy /fp:precise /Zc:wchar_t /Zc:forScope /Zc:inline /openmp /Fo"Release\\" /Fd"Release\ncltech.pdb" /Gd /TP /analyze- /errorReport:prompt PhysicsEngine.cpp
         PhysicsEngine.cpp
       Lib:
         C:\Program Files (x86)\Microsoft Visual Studio 14.0\VC\bin\Lib.exe /OUT:"E:\physic_study\Build\Release\ncltech.lib" /NOLOGO /LTCG Release\CollisionDetectionSAT.obj
         Release\CommonMeshes.obj
         Release\CommonUtils.obj
         Release\CuboidCollisionShape.obj
         Release\NetworkBase.obj
         Release\ObjectMeshDragable.obj
         Release\NCLDebug.obj
         Release\Object.obj
         Release\Hull.obj
         Release\Manifold.obj
         Release\PhysicsEngine.obj
         Release\PhysicsObject.obj
         Release\QuadCollisionSpape.obj
         Release\RenderList.obj
         Release\SceneManager.obj
         Release\SceneRenderer.obj
         Release\Scene.obj
         Release\ScreenPicker.obj
         Release\ObjectMesh.obj
         Release\SphereCollisionShape.obj
         ncltech.vcxproj -> E:\physic_study\Build\Release\ncltech.lib
     1>Done Building Project "E:\physic_study\Build\ncltech\ncltech.vcxproj" (Build target(s)).

Build succeeded.

Time Elapsed 00:00:01.24
